# JRE version: OpenJDK Runtime Environment (8.0_372-b07) (build 1.8.0_372-b07)
# Java VM: OpenJDK 64-Bit Server VM (25.372-b07 mixed mode windows-amd64 compressed oops)
Heap:
 PSYoungGen      total 101376K, used 37343K [0x00000000f5580000, 0x00000000fe680000, 0x0000000100000000)
  eden space 92160K, 36% used [0x00000000f5580000,0x00000000f768d9a8,0x00000000faf80000)
  from space 9216K, 37% used [0x00000000faf80000,0x00000000fb2ea298,0x00000000fb880000)
  to   space 9216K, 0% used [0x00000000fdd80000,0x00000000fdd80000,0x00000000fe680000)
 ParOldGen       total 175104K, used 10529K [0x00000000e0000000, 0x00000000eab00000, 0x00000000f5580000)
  object space 175104K, 6% used [0x00000000e0000000,0x00000000e0a48568,0x00000000eab00000)
 Metaspace       used 32474K, capacity 33456K, committed 33664K, reserved 1079296K
  class space    used 4433K, capacity 4673K, committed 4736K, reserved 1048576K
GC Heap History (10 events):
Event: 8.757 GC heap before
{Heap before GC invocations=8 (full 1):
 PSYoungGen      total 76288K, used 5110K [0x00000000f5580000, 0x00000000faa80000, 0x0000000100000000)
  eden space 65536K, 0% used [0x00000000f5580000,0x00000000f5580000,0x00000000f9580000)
  from space 10752K, 47% used [0x00000000f9580000,0x00000000f9a7dbd8,0x00000000fa000000)
  to   space 8704K, 0% used [0x00000000fa200000,0x00000000fa200000,0x00000000faa80000)
 ParOldGen       total 175104K, used 2796K [0x00000000e0000000, 0x00000000eab00000, 0x00000000f5580000)
  object space 175104K, 1% used [0x00000000e0000000,0x00000000e02bb060,0x00000000eab00000)
 Metaspace       used 20495K, capacity 21144K, committed 21248K, reserved 1067008K
  class space    used 2849K, capacity 3044K, committed 3072K, reserved 1048576K
Event: 8.815 GC heap after
Heap after GC invocations=8 (full 1):
 PSYoungGen      total 76288K, used 0K [0x00000000f5580000, 0x00000000faa80000, 0x0000000100000000)
  eden space 65536K, 0% used [0x00000000f5580000,0x00000000f5580000,0x00000000f9580000)
  from space 10752K, 0% used [0x00000000f9580000,0x00000000f9580000,0x00000000fa000000)
  to   space 8704K, 0% used [0x00000000fa200000,0x00000000fa200000,0x00000000faa80000)
 ParOldGen       total 175104K, used 7701K [0x00000000e0000000, 0x00000000eab00000, 0x00000000f5580000)
  object space 175104K, 4% used [0x00000000e0000000,0x00000000e07856a8,0x00000000eab00000)
 Metaspace       used 20495K, capacity 21144K, committed 21248K, reserved 1067008K
  class space    used 2849K, capacity 3044K, committed 3072K, reserved 1048576K
}
Event: 9.494 GC heap before
{Heap before GC invocations=9 (full 1):
 PSYoungGen      total 76288K, used 65536K [0x00000000f5580000, 0x00000000faa80000, 0x0000000100000000)
  eden space 65536K, 100% used [0x00000000f5580000,0x00000000f9580000,0x00000000f9580000)
  from space 10752K, 0% used [0x00000000f9580000,0x00000000f9580000,0x00000000fa000000)
  to   space 8704K, 0% used [0x00000000fa200000,0x00000000fa200000,0x00000000faa80000)
 ParOldGen       total 175104K, used 7701K [0x00000000e0000000, 0x00000000eab00000, 0x00000000f5580000)
  object space 175104K, 4% used [0x00000000e0000000,0x00000000e07856a8,0x00000000eab00000)
 Metaspace       used 22616K, capacity 23422K, committed 23680K, reserved 1069056K
  class space    used 3210K, capacity 3403K, committed 3456K, reserved 1048576K
Event: 9.498 GC heap after
Heap after GC invocations=9 (full 1):
 PSYoungGen      total 74240K, used 2921K [0x00000000f5580000, 0x00000000faa80000, 0x0000000100000000)
  eden space 65536K, 0% used [0x00000000f5580000,0x00000000f5580000,0x00000000f9580000)
  from space 8704K, 33% used [0x00000000fa200000,0x00000000fa4da7f0,0x00000000faa80000)
  to   space 10752K, 0% used [0x00000000f9580000,0x00000000f9580000,0x00000000fa000000)
 ParOldGen       total 175104K, used 7709K [0x00000000e0000000, 0x00000000eab00000, 0x00000000f5580000)
  object space 175104K, 4% used [0x00000000e0000000,0x00000000e07876a8,0x00000000eab00000)
 Metaspace       used 22616K, capacity 23422K, committed 23680K, reserved 1069056K
  class space    used 3210K, capacity 3403K, committed 3456K, reserved 1048576K
}
Event: 10.186 GC heap before
{Heap before GC invocations=10 (full 1):
 PSYoungGen      total 74240K, used 68457K [0x00000000f5580000, 0x00000000faa80000, 0x0000000100000000)
  eden space 65536K, 100% used [0x00000000f5580000,0x00000000f9580000,0x00000000f9580000)
  from space 8704K, 33% used [0x00000000fa200000,0x00000000fa4da7f0,0x00000000faa80000)
  to   space 10752K, 0% used [0x00000000f9580000,0x00000000f9580000,0x00000000fa000000)
 ParOldGen       total 175104K, used 7709K [0x00000000e0000000, 0x00000000eab00000, 0x00000000f5580000)
  object space 175104K, 4% used [0x00000000e0000000,0x00000000e07876a8,0x00000000eab00000)
 Metaspace       used 25186K, capacity 26082K, committed 26240K, reserved 1071104K
  class space    used 3631K, capacity 3873K, committed 3968K, reserved 1048576K
Event: 10.193 GC heap after
Heap after GC invocations=10 (full 1):
 PSYoungGen      total 76288K, used 3656K [0x00000000f5580000, 0x00000000fc180000, 0x0000000100000000)
  eden space 65536K, 0% used [0x00000000f5580000,0x00000000f5580000,0x00000000f9580000)
  from space 10752K, 34% used [0x00000000f9580000,0x00000000f9912380,0x00000000fa000000)
  to   space 9216K, 0% used [0x00000000fb880000,0x00000000fb880000,0x00000000fc180000)
 ParOldGen       total 175104K, used 7717K [0x00000000e0000000, 0x00000000eab00000, 0x00000000f5580000)
  object space 175104K, 4% used [0x00000000e0000000,0x00000000e07896a8,0x00000000eab00000)
 Metaspace       used 25186K, capacity 26082K, committed 26240K, reserved 1071104K
  class space    used 3631K, capacity 3873K, committed 3968K, reserved 1048576K
}
Event: 10.844 GC heap before
{Heap before GC invocations=11 (full 1):
 PSYoungGen      total 76288K, used 69192K [0x00000000f5580000, 0x00000000fc180000, 0x0000000100000000)
  eden space 65536K, 100% used [0x00000000f5580000,0x00000000f9580000,0x00000000f9580000)
  from space 10752K, 34% used [0x00000000f9580000,0x00000000f9912380,0x00000000fa000000)
  to   space 9216K, 0% used [0x00000000fb880000,0x00000000fb880000,0x00000000fc180000)
 ParOldGen       total 175104K, used 7717K [0x00000000e0000000, 0x00000000eab00000, 0x00000000f5580000)
  object space 175104K, 4% used [0x00000000e0000000,0x00000000e07896a8,0x00000000eab00000)
 Metaspace       used 28237K, capacity 29106K, committed 29312K, reserved 1075200K
  class space    used 3944K, capacity 4172K, committed 4224K, reserved 1048576K
Event: 10.854 GC heap after
Heap after GC invocations=11 (full 1):
 PSYoungGen      total 101376K, used 3547K [0x00000000f5580000, 0x00000000fc200000, 0x0000000100000000)
  eden space 92160K, 0% used [0x00000000f5580000,0x00000000f5580000,0x00000000faf80000)
  from space 9216K, 38% used [0x00000000fb880000,0x00000000fbbf6d80,0x00000000fc180000)
  to   space 9216K, 0% used [0x00000000faf80000,0x00000000faf80000,0x00000000fb880000)
 ParOldGen       total 175104K, used 8384K [0x00000000e0000000, 0x00000000eab00000, 0x00000000f5580000)
  object space 175104K, 4% used [0x00000000e0000000,0x00000000e08303d8,0x00000000eab00000)
 Metaspace       used 28237K, capacity 29106K, committed 29312K, reserved 1075200K
  class space    used 3944K, capacity 4172K, committed 4224K, reserved 1048576K
}
Event: 11.552 GC heap before
{Heap before GC invocations=12 (full 1):
 PSYoungGen      total 101376K, used 95707K [0x00000000f5580000, 0x00000000fc200000, 0x0000000100000000)
  eden space 92160K, 100% used [0x00000000f5580000,0x00000000faf80000,0x00000000faf80000)
  from space 9216K, 38% used [0x00000000fb880000,0x00000000fbbf6d80,0x00000000fc180000)
  to   space 9216K, 0% used [0x00000000faf80000,0x00000000faf80000,0x00000000fb880000)
 ParOldGen       total 175104K, used 8384K [0x00000000e0000000, 0x00000000eab00000, 0x00000000f5580000)
  object space 175104K, 4% used [0x00000000e0000000,0x00000000e08303d8,0x00000000eab00000)
 Metaspace       used 31495K, capacity 32418K, committed 32768K, reserved 1077248K
  class space    used 4270K, capacity 4502K, committed 4608K, reserved 1048576K
Event: 11.563 GC heap after
Heap after GC invocations=12 (full 1):
 PSYoungGen      total 101376K, used 3496K [0x00000000f5580000, 0x00000000fe680000, 0x0000000100000000)
  eden space 92160K, 0% used [0x00000000f5580000,0x00000000f5580000,0x00000000faf80000)
  from space 9216K, 37% used [0x00000000faf80000,0x00000000fb2ea298,0x00000000fb880000)
  to   space 9216K, 0% used [0x00000000fdd80000,0x00000000fdd80000,0x00000000fe680000)
 ParOldGen       total 175104K, used 10529K [0x00000000e0000000, 0x00000000eab00000, 0x00000000f5580000)
  object space 175104K, 6% used [0x00000000e0000000,0x00000000e0a48568,0x00000000eab00000)
 Metaspace       used 31495K, capacity 32418K, committed 32768K, reserved 1077248K
  class space    used 4270K, capacity 4502K, committed 4608K, reserved 1048576K
}

