# JRE version: OpenJDK Runtime Environment (8.0_372-b07) (build 1.8.0_372-b07)
# Java VM: OpenJDK 64-Bit Server VM (25.372-b07 mixed mode windows-amd64 compressed oops)
Heap:
 PSYoungGen      total 139264K, used 26368K [0x00000000f5580000, 0x00000000fe880000, 0x0000000100000000)
  eden space 129536K, 12% used [0x00000000f5580000,0x00000000f65c2ce8,0x00000000fd400000)
  from space 9728K, 99% used [0x00000000fd400000,0x00000000fdd7d700,0x00000000fdd80000)
  to   space 8192K, 0% used [0x00000000fdd80000,0x00000000fdd80000,0x00000000fe580000)
 ParOldGen       total 175104K, used 8184K [0x00000000e0000000, 0x00000000eab00000, 0x00000000f5580000)
  object space 175104K, 4% used [0x00000000e0000000,0x00000000e07fe318,0x00000000eab00000)
 Metaspace       used 30276K, capacity 31292K, committed 31616K, reserved 1077248K
  class space    used 4218K, capacity 4468K, committed 4480K, reserved 1048576K
GC Heap History (10 events):
Event: 7.674 GC heap before
{Heap before GC invocations=6 (full 0):
 PSYoungGen      total 76288K, used 72409K [0x00000000f5580000, 0x00000000fe580000, 0x0000000100000000)
  eden space 65536K, 100% used [0x00000000f5580000,0x00000000f9580000,0x00000000f9580000)
  from space 10752K, 63% used [0x00000000f9580000,0x00000000f9c36550,0x00000000fa000000)
  to   space 8192K, 0% used [0x00000000fdd80000,0x00000000fdd80000,0x00000000fe580000)
 ParOldGen       total 175104K, used 48K [0x00000000e0000000, 0x00000000eab00000, 0x00000000f5580000)
  object space 175104K, 0% used [0x00000000e0000000,0x00000000e000c000,0x00000000eab00000)
 Metaspace       used 19005K, capacity 19602K, committed 19712K, reserved 1067008K
  class space    used 2614K, capacity 2795K, committed 2816K, reserved 1048576K
Event: 7.695 GC heap after
Heap after GC invocations=6 (full 0):
 PSYoungGen      total 137728K, used 8167K [0x00000000f5580000, 0x00000000fe880000, 0x0000000100000000)
  eden space 129536K, 0% used [0x00000000f5580000,0x00000000f5580000,0x00000000fd400000)
  from space 8192K, 99% used [0x00000000fdd80000,0x00000000fe579c78,0x00000000fe580000)
  to   space 9728K, 0% used [0x00000000fd400000,0x00000000fd400000,0x00000000fdd80000)
 ParOldGen       total 175104K, used 152K [0x00000000e0000000, 0x00000000eab00000, 0x00000000f5580000)
  object space 175104K, 0% used [0x00000000e0000000,0x00000000e0026088,0x00000000eab00000)
 Metaspace       used 19005K, capacity 19602K, committed 19712K, reserved 1067008K
  class space    used 2614K, capacity 2795K, committed 2816K, reserved 1048576K
}
Event: 8.129 GC heap before
{Heap before GC invocations=7 (full 0):
 PSYoungGen      total 137728K, used 46111K [0x00000000f5580000, 0x00000000fe880000, 0x0000000100000000)
  eden space 129536K, 29% used [0x00000000f5580000,0x00000000f7a8e2c8,0x00000000fd400000)
  from space 8192K, 99% used [0x00000000fdd80000,0x00000000fe579c78,0x00000000fe580000)
  to   space 9728K, 0% used [0x00000000fd400000,0x00000000fd400000,0x00000000fdd80000)
 ParOldGen       total 175104K, used 152K [0x00000000e0000000, 0x00000000eab00000, 0x00000000f5580000)
  object space 175104K, 0% used [0x00000000e0000000,0x00000000e0026088,0x00000000eab00000)
 Metaspace       used 20493K, capacity 21144K, committed 21248K, reserved 1067008K
  class space    used 2849K, capacity 3044K, committed 3072K, reserved 1048576K
Event: 8.142 GC heap after
Heap after GC invocations=7 (full 0):
 PSYoungGen      total 139264K, used 5189K [0x00000000f5580000, 0x00000000fe880000, 0x0000000100000000)
  eden space 129536K, 0% used [0x00000000f5580000,0x00000000f5580000,0x00000000fd400000)
  from space 9728K, 53% used [0x00000000fd400000,0x00000000fd9116f8,0x00000000fdd80000)
  to   space 8192K, 0% used [0x00000000fdd80000,0x00000000fdd80000,0x00000000fe580000)
 ParOldGen       total 175104K, used 2912K [0x00000000e0000000, 0x00000000eab00000, 0x00000000f5580000)
  object space 175104K, 1% used [0x00000000e0000000,0x00000000e02d80f8,0x00000000eab00000)
 Metaspace       used 20493K, capacity 21144K, committed 21248K, reserved 1067008K
  class space    used 2849K, capacity 3044K, committed 3072K, reserved 1048576K
}
Event: 8.142 GC heap before
{Heap before GC invocations=8 (full 1):
 PSYoungGen      total 139264K, used 5189K [0x00000000f5580000, 0x00000000fe880000, 0x0000000100000000)
  eden space 129536K, 0% used [0x00000000f5580000,0x00000000f5580000,0x00000000fd400000)
  from space 9728K, 53% used [0x00000000fd400000,0x00000000fd9116f8,0x00000000fdd80000)
  to   space 8192K, 0% used [0x00000000fdd80000,0x00000000fdd80000,0x00000000fe580000)
 ParOldGen       total 175104K, used 2912K [0x00000000e0000000, 0x00000000eab00000, 0x00000000f5580000)
  object space 175104K, 1% used [0x00000000e0000000,0x00000000e02d80f8,0x00000000eab00000)
 Metaspace       used 20493K, capacity 21144K, committed 21248K, reserved 1067008K
  class space    used 2849K, capacity 3044K, committed 3072K, reserved 1048576K
Event: 8.190 GC heap after
Heap after GC invocations=8 (full 1):
 PSYoungGen      total 139264K, used 0K [0x00000000f5580000, 0x00000000fe880000, 0x0000000100000000)
  eden space 129536K, 0% used [0x00000000f5580000,0x00000000f5580000,0x00000000fd400000)
  from space 9728K, 0% used [0x00000000fd400000,0x00000000fd400000,0x00000000fdd80000)
  to   space 8192K, 0% used [0x00000000fdd80000,0x00000000fdd80000,0x00000000fe580000)
 ParOldGen       total 175104K, used 7746K [0x00000000e0000000, 0x00000000eab00000, 0x00000000f5580000)
  object space 175104K, 4% used [0x00000000e0000000,0x00000000e0790ad8,0x00000000eab00000)
 Metaspace       used 20493K, capacity 21144K, committed 21248K, reserved 1067008K
  class space    used 2849K, capacity 3044K, committed 3072K, reserved 1048576K
}
Event: 9.592 GC heap before
{Heap before GC invocations=9 (full 1):
 PSYoungGen      total 139264K, used 129536K [0x00000000f5580000, 0x00000000fe880000, 0x0000000100000000)
  eden space 129536K, 100% used [0x00000000f5580000,0x00000000fd400000,0x00000000fd400000)
  from space 9728K, 0% used [0x00000000fd400000,0x00000000fd400000,0x00000000fdd80000)
  to   space 8192K, 0% used [0x00000000fdd80000,0x00000000fdd80000,0x00000000fe580000)
 ParOldGen       total 175104K, used 7746K [0x00000000e0000000, 0x00000000eab00000, 0x00000000f5580000)
  object space 175104K, 4% used [0x00000000e0000000,0x00000000e0790ad8,0x00000000eab00000)
 Metaspace       used 25040K, capacity 25922K, committed 26240K, reserved 1071104K
  class space    used 3602K, capacity 3841K, committed 3968K, reserved 1048576K
Event: 9.597 GC heap after
Heap after GC invocations=9 (full 1):
 PSYoungGen      total 137728K, used 5554K [0x00000000f5580000, 0x00000000fe880000, 0x0000000100000000)
  eden space 129536K, 0% used [0x00000000f5580000,0x00000000f5580000,0x00000000fd400000)
  from space 8192K, 67% used [0x00000000fdd80000,0x00000000fe2ec8c0,0x00000000fe580000)
  to   space 9728K, 0% used [0x00000000fd400000,0x00000000fd400000,0x00000000fdd80000)
 ParOldGen       total 175104K, used 7754K [0x00000000e0000000, 0x00000000eab00000, 0x00000000f5580000)
  object space 175104K, 4% used [0x00000000e0000000,0x00000000e0792ad8,0x00000000eab00000)
 Metaspace       used 25040K, capacity 25922K, committed 26240K, reserved 1071104K
  class space    used 3602K, capacity 3841K, committed 3968K, reserved 1048576K
}
Event: 10.514 GC heap before
{Heap before GC invocations=10 (full 1):
 PSYoungGen      total 137728K, used 135090K [0x00000000f5580000, 0x00000000fe880000, 0x0000000100000000)
  eden space 129536K, 100% used [0x00000000f5580000,0x00000000fd400000,0x00000000fd400000)
  from space 8192K, 67% used [0x00000000fdd80000,0x00000000fe2ec8c0,0x00000000fe580000)
  to   space 9728K, 0% used [0x00000000fd400000,0x00000000fd400000,0x00000000fdd80000)
 ParOldGen       total 175104K, used 7754K [0x00000000e0000000, 0x00000000eab00000, 0x00000000f5580000)
  object space 175104K, 4% used [0x00000000e0000000,0x00000000e0792ad8,0x00000000eab00000)
 Metaspace       used 30276K, capacity 31292K, committed 31616K, reserved 1077248K
  class space    used 4218K, capacity 4468K, committed 4480K, reserved 1048576K
Event: 10.527 GC heap after
Heap after GC invocations=10 (full 1):
 PSYoungGen      total 139264K, used 9717K [0x00000000f5580000, 0x00000000fe880000, 0x0000000100000000)
  eden space 129536K, 0% used [0x00000000f5580000,0x00000000f5580000,0x00000000fd400000)
  from space 9728K, 99% used [0x00000000fd400000,0x00000000fdd7d700,0x00000000fdd80000)
  to   space 8192K, 0% used [0x00000000fdd80000,0x00000000fdd80000,0x00000000fe580000)
 ParOldGen       total 175104K, used 8184K [0x00000000e0000000, 0x00000000eab00000, 0x00000000f5580000)
  object space 175104K, 4% used [0x00000000e0000000,0x00000000e07fe318,0x00000000eab00000)
 Metaspace       used 30276K, capacity 31292K, committed 31616K, reserved 1077248K
  class space    used 4218K, capacity 4468K, committed 4480K, reserved 1048576K
}

