# JRE version: OpenJDK Runtime Environment (8.0_372-b07) (build 1.8.0_372-b07)
# Java VM: OpenJDK 64-Bit Server VM (25.372-b07 mixed mode windows-amd64 compressed oops)
Heap:
 PSYoungGen      total 137728K, used 37291K [0x00000000f5580000, 0x00000000fe880000, 0x0000000100000000)
  eden space 129536K, 22% used [0x00000000f5580000,0x00000000f71f2718,0x00000000fd400000)
  from space 8192K, 99% used [0x00000000fdd80000,0x00000000fe578850,0x00000000fe580000)
  to   space 9728K, 0% used [0x00000000fd400000,0x00000000fd400000,0x00000000fdd80000)
 ParOldGen       total 175104K, used 76K [0x00000000e0000000, 0x00000000eab00000, 0x00000000f5580000)
  object space 175104K, 0% used [0x00000000e0000000,0x00000000e0013028,0x00000000eab00000)
 Metaspace       used 20161K, capacity 20872K, committed 21248K, reserved 1067008K
  class space    used 2790K, capacity 2976K, committed 3072K, reserved 1048576K
GC Heap History (10 events):
Event: 4.014 GC heap before
{Heap before GC invocations=2 (full 0):
 PSYoungGen      total 76288K, used 68559K [0x00000000f5580000, 0x00000000faa80000, 0x0000000100000000)
  eden space 65536K, 100% used [0x00000000f5580000,0x00000000f9580000,0x00000000f9580000)
  from space 10752K, 28% used [0x00000000f9580000,0x00000000f9873c28,0x00000000fa000000)
  to   space 10752K, 0% used [0x00000000fa000000,0x00000000fa000000,0x00000000faa80000)
 ParOldGen       total 175104K, used 8K [0x00000000e0000000, 0x00000000eab00000, 0x00000000f5580000)
  object space 175104K, 0% used [0x00000000e0000000,0x00000000e0002000,0x00000000eab00000)
 Metaspace       used 8939K, capacity 9252K, committed 9472K, reserved 1056768K
  class space    used 1086K, capacity 1182K, committed 1280K, reserved 1048576K
Event: 4.030 GC heap after
Heap after GC invocations=2 (full 0):
 PSYoungGen      total 76288K, used 4847K [0x00000000f5580000, 0x00000000faa80000, 0x0000000100000000)
  eden space 65536K, 0% used [0x00000000f5580000,0x00000000f5580000,0x00000000f9580000)
  from space 10752K, 45% used [0x00000000fa000000,0x00000000fa4bbd98,0x00000000faa80000)
  to   space 10752K, 0% used [0x00000000f9580000,0x00000000f9580000,0x00000000fa000000)
 ParOldGen       total 175104K, used 16K [0x00000000e0000000, 0x00000000eab00000, 0x00000000f5580000)
  object space 175104K, 0% used [0x00000000e0000000,0x00000000e0004000,0x00000000eab00000)
 Metaspace       used 8939K, capacity 9252K, committed 9472K, reserved 1056768K
  class space    used 1086K, capacity 1182K, committed 1280K, reserved 1048576K
}
Event: 5.189 GC heap before
{Heap before GC invocations=3 (full 0):
 PSYoungGen      total 76288K, used 70383K [0x00000000f5580000, 0x00000000faa80000, 0x0000000100000000)
  eden space 65536K, 100% used [0x00000000f5580000,0x00000000f9580000,0x00000000f9580000)
  from space 10752K, 45% used [0x00000000fa000000,0x00000000fa4bbd98,0x00000000faa80000)
  to   space 10752K, 0% used [0x00000000f9580000,0x00000000f9580000,0x00000000fa000000)
 ParOldGen       total 175104K, used 16K [0x00000000e0000000, 0x00000000eab00000, 0x00000000f5580000)
  object space 175104K, 0% used [0x00000000e0000000,0x00000000e0004000,0x00000000eab00000)
 Metaspace       used 11778K, capacity 12108K, committed 12416K, reserved 1060864K
  class space    used 1543K, capacity 1646K, committed 1664K, reserved 1048576K
Event: 5.196 GC heap after
Heap after GC invocations=3 (full 0):
 PSYoungGen      total 76288K, used 5168K [0x00000000f5580000, 0x00000000faa80000, 0x0000000100000000)
  eden space 65536K, 0% used [0x00000000f5580000,0x00000000f5580000,0x00000000f9580000)
  from space 10752K, 48% used [0x00000000f9580000,0x00000000f9a8c030,0x00000000fa000000)
  to   space 10752K, 0% used [0x00000000fa000000,0x00000000fa000000,0x00000000faa80000)
 ParOldGen       total 175104K, used 32K [0x00000000e0000000, 0x00000000eab00000, 0x00000000f5580000)
  object space 175104K, 0% used [0x00000000e0000000,0x00000000e0008000,0x00000000eab00000)
 Metaspace       used 11778K, capacity 12108K, committed 12416K, reserved 1060864K
  class space    used 1543K, capacity 1646K, committed 1664K, reserved 1048576K
}
Event: 6.500 GC heap before
{Heap before GC invocations=4 (full 0):
 PSYoungGen      total 76288K, used 70704K [0x00000000f5580000, 0x00000000faa80000, 0x0000000100000000)
  eden space 65536K, 100% used [0x00000000f5580000,0x00000000f9580000,0x00000000f9580000)
  from space 10752K, 48% used [0x00000000f9580000,0x00000000f9a8c030,0x00000000fa000000)
  to   space 10752K, 0% used [0x00000000fa000000,0x00000000fa000000,0x00000000faa80000)
 ParOldGen       total 175104K, used 32K [0x00000000e0000000, 0x00000000eab00000, 0x00000000f5580000)
  object space 175104K, 0% used [0x00000000e0000000,0x00000000e0008000,0x00000000eab00000)
 Metaspace       used 14347K, capacity 14862K, committed 14976K, reserved 1062912K
  class space    used 1963K, capacity 2115K, committed 2176K, reserved 1048576K
Event: 6.508 GC heap after
Heap after GC invocations=4 (full 0):
 PSYoungGen      total 76288K, used 6395K [0x00000000f5580000, 0x00000000faa80000, 0x0000000100000000)
  eden space 65536K, 0% used [0x00000000f5580000,0x00000000f5580000,0x00000000f9580000)
  from space 10752K, 59% used [0x00000000fa000000,0x00000000fa63ee88,0x00000000faa80000)
  to   space 10752K, 0% used [0x00000000f9580000,0x00000000f9580000,0x00000000fa000000)
 ParOldGen       total 175104K, used 40K [0x00000000e0000000, 0x00000000eab00000, 0x00000000f5580000)
  object space 175104K, 0% used [0x00000000e0000000,0x00000000e000a000,0x00000000eab00000)
 Metaspace       used 14347K, capacity 14862K, committed 14976K, reserved 1062912K
  class space    used 1963K, capacity 2115K, committed 2176K, reserved 1048576K
}
Event: 7.046 GC heap before
{Heap before GC invocations=5 (full 0):
 PSYoungGen      total 76288K, used 71931K [0x00000000f5580000, 0x00000000faa80000, 0x0000000100000000)
  eden space 65536K, 100% used [0x00000000f5580000,0x00000000f9580000,0x00000000f9580000)
  from space 10752K, 59% used [0x00000000fa000000,0x00000000fa63ee88,0x00000000faa80000)
  to   space 10752K, 0% used [0x00000000f9580000,0x00000000f9580000,0x00000000fa000000)
 ParOldGen       total 175104K, used 40K [0x00000000e0000000, 0x00000000eab00000, 0x00000000f5580000)
  object space 175104K, 0% used [0x00000000e0000000,0x00000000e000a000,0x00000000eab00000)
 Metaspace       used 16940K, capacity 17596K, committed 17792K, reserved 1064960K
  class space    used 2233K, capacity 2404K, committed 2432K, reserved 1048576K
Event: 7.057 GC heap after
Heap after GC invocations=5 (full 0):
 PSYoungGen      total 76288K, used 6772K [0x00000000f5580000, 0x00000000fe580000, 0x0000000100000000)
  eden space 65536K, 0% used [0x00000000f5580000,0x00000000f5580000,0x00000000f9580000)
  from space 10752K, 62% used [0x00000000f9580000,0x00000000f9c1d238,0x00000000fa000000)
  to   space 8192K, 0% used [0x00000000fdd80000,0x00000000fdd80000,0x00000000fe580000)
 ParOldGen       total 175104K, used 48K [0x00000000e0000000, 0x00000000eab00000, 0x00000000f5580000)
  object space 175104K, 0% used [0x00000000e0000000,0x00000000e000c000,0x00000000eab00000)
 Metaspace       used 16940K, capacity 17596K, committed 17792K, reserved 1064960K
  class space    used 2233K, capacity 2404K, committed 2432K, reserved 1048576K
}
Event: 7.674 GC heap before
{Heap before GC invocations=6 (full 0):
 PSYoungGen      total 76288K, used 72308K [0x00000000f5580000, 0x00000000fe580000, 0x0000000100000000)
  eden space 65536K, 100% used [0x00000000f5580000,0x00000000f9580000,0x00000000f9580000)
  from space 10752K, 62% used [0x00000000f9580000,0x00000000f9c1d238,0x00000000fa000000)
  to   space 8192K, 0% used [0x00000000fdd80000,0x00000000fdd80000,0x00000000fe580000)
 ParOldGen       total 175104K, used 48K [0x00000000e0000000, 0x00000000eab00000, 0x00000000f5580000)
  object space 175104K, 0% used [0x00000000e0000000,0x00000000e000c000,0x00000000eab00000)
 Metaspace       used 18947K, capacity 19602K, committed 19712K, reserved 1067008K
  class space    used 2609K, capacity 2795K, committed 2816K, reserved 1048576K
Event: 7.690 GC heap after
Heap after GC invocations=6 (full 0):
 PSYoungGen      total 137728K, used 8162K [0x00000000f5580000, 0x00000000fe880000, 0x0000000100000000)
  eden space 129536K, 0% used [0x00000000f5580000,0x00000000f5580000,0x00000000fd400000)
  from space 8192K, 99% used [0x00000000fdd80000,0x00000000fe578850,0x00000000fe580000)
  to   space 9728K, 0% used [0x00000000fd400000,0x00000000fd400000,0x00000000fdd80000)
 ParOldGen       total 175104K, used 76K [0x00000000e0000000, 0x00000000eab00000, 0x00000000f5580000)
  object space 175104K, 0% used [0x00000000e0000000,0x00000000e0013028,0x00000000eab00000)
 Metaspace       used 18947K, capacity 19602K, committed 19712K, reserved 1067008K
  class space    used 2609K, capacity 2795K, committed 2816K, reserved 1048576K
}

