# JRE version: OpenJDK Runtime Environment Corretto-11.0.19.7.1 (11.0.19+7) (build 11.0.19+7-LTS)
# Java VM: OpenJDK 64-Bit Server VM Corretto-11.0.19.7.1 (11.0.19+7-LTS, mixed mode, tiered, compressed oops, g1 gc, windows-amd64)
Heap:
 garbage-first heap   total 262144K, used 78021K [0x00000000e0000000, 0x0000000100000000)
  region size 1024K, 24 young (24576K), 9 survivors (9216K)
 Metaspace       used 76358K, capacity 78264K, committed 78412K, reserved 323584K
  class space    used 9805K, capacity 10536K, committed 10624K, reserved 253952K
GC Heap History (20 events):
Event: 18.492 GC heap before
{Heap before GC invocations=5 (full 0):
 garbage-first heap   total 262144K, used 161149K [0x00000000e0000000, 0x0000000100000000)
  region size 1024K, 143 young (146432K), 3 survivors (3072K)
 Metaspace       used 31064K, capacity 31796K, committed 32000K, reserved 282624K
  class space    used 4049K, capacity 4343K, committed 4352K, reserved 253952K
}
Event: 18.500 GC heap after
{Heap after GC invocations=6 (full 0):
 garbage-first heap   total 262144K, used 19824K [0x00000000e0000000, 0x0000000100000000)
  region size 1024K, 5 young (5120K), 5 survivors (5120K)
 Metaspace       used 31064K, capacity 31796K, committed 32000K, reserved 282624K
  class space    used 4049K, capacity 4343K, committed 4352K, reserved 253952K
}
Event: 20.131 GC heap before
{Heap before GC invocations=6 (full 0):
 garbage-first heap   total 262144K, used 94576K [0x00000000e0000000, 0x0000000100000000)
  region size 1024K, 79 young (80896K), 5 survivors (5120K)
 Metaspace       used 34892K, capacity 35702K, committed 35840K, reserved 286720K
  class space    used 4559K, capacity 4880K, committed 4992K, reserved 253952K
}
Event: 20.145 GC heap after
{Heap after GC invocations=7 (full 0):
 garbage-first heap   total 262144K, used 21517K [0x00000000e0000000, 0x0000000100000000)
  region size 1024K, 7 young (7168K), 7 survivors (7168K)
 Metaspace       used 34892K, capacity 35702K, committed 35840K, reserved 286720K
  class space    used 4559K, capacity 4880K, committed 4992K, reserved 253952K
}
Event: 22.309 GC heap before
{Heap before GC invocations=8 (full 0):
 garbage-first heap   total 262144K, used 158733K [0x00000000e0000000, 0x0000000100000000)
  region size 1024K, 136 young (139264K), 7 survivors (7168K)
 Metaspace       used 40280K, capacity 41291K, committed 41344K, reserved 290816K
  class space    used 5109K, capacity 5504K, committed 5504K, reserved 253952K
}
Event: 22.324 GC heap after
{Heap after GC invocations=9 (full 0):
 garbage-first heap   total 262144K, used 32596K [0x00000000e0000000, 0x0000000100000000)
  region size 1024K, 13 young (13312K), 13 survivors (13312K)
 Metaspace       used 40280K, capacity 41291K, committed 41344K, reserved 290816K
  class space    used 5109K, capacity 5504K, committed 5504K, reserved 253952K
}
Event: 24.897 GC heap before
{Heap before GC invocations=9 (full 0):
 garbage-first heap   total 262144K, used 176980K [0x00000000e0000000, 0x0000000100000000)
  region size 1024K, 147 young (150528K), 13 survivors (13312K)
 Metaspace       used 46265K, capacity 47462K, committed 47488K, reserved 296960K
  class space    used 5816K, capacity 6259K, committed 6272K, reserved 253952K
}
Event: 24.923 GC heap after
{Heap after GC invocations=10 (full 0):
 garbage-first heap   total 262144K, used 29630K [0x00000000e0000000, 0x0000000100000000)
  region size 1024K, 12 young (12288K), 12 survivors (12288K)
 Metaspace       used 46265K, capacity 47462K, committed 47488K, reserved 296960K
  class space    used 5816K, capacity 6259K, committed 6272K, reserved 253952K
}
Event: 28.568 GC heap before
{Heap before GC invocations=10 (full 0):
 garbage-first heap   total 262144K, used 166846K [0x00000000e0000000, 0x0000000100000000)
  region size 1024K, 146 young (149504K), 12 survivors (12288K)
 Metaspace       used 50590K, capacity 52036K, committed 52224K, reserved 301056K
  class space    used 6372K, capacity 6886K, committed 6912K, reserved 253952K
}
Event: 28.592 GC heap after
{Heap after GC invocations=11 (full 0):
 garbage-first heap   total 262144K, used 34925K [0x00000000e0000000, 0x0000000100000000)
  region size 1024K, 15 young (15360K), 15 survivors (15360K)
 Metaspace       used 50590K, capacity 52036K, committed 52224K, reserved 301056K
  class space    used 6372K, capacity 6886K, committed 6912K, reserved 253952K
}
Event: 32.194 GC heap before
{Heap before GC invocations=11 (full 0):
 garbage-first heap   total 262144K, used 182381K [0x00000000e0000000, 0x0000000100000000)
  region size 1024K, 153 young (156672K), 15 survivors (15360K)
 Metaspace       used 56496K, capacity 58050K, committed 58240K, reserved 305152K
  class space    used 7098K, capacity 7703K, committed 7808K, reserved 253952K
}
Event: 32.221 GC heap after
{Heap after GC invocations=12 (full 0):
 garbage-first heap   total 262144K, used 48322K [0x00000000e0000000, 0x0000000100000000)
  region size 1024K, 17 young (17408K), 17 survivors (17408K)
 Metaspace       used 56496K, capacity 58050K, committed 58240K, reserved 305152K
  class space    used 7098K, capacity 7703K, committed 7808K, reserved 253952K
}
Event: 32.994 GC heap before
{Heap before GC invocations=12 (full 0):
 garbage-first heap   total 262144K, used 89282K [0x00000000e0000000, 0x0000000100000000)
  region size 1024K, 58 young (59392K), 17 survivors (17408K)
 Metaspace       used 58492K, capacity 60088K, committed 60160K, reserved 307200K
  class space    used 7301K, capacity 7936K, committed 7936K, reserved 253952K
}
Event: 33.033 GC heap after
{Heap after GC invocations=13 (full 0):
 garbage-first heap   total 262144K, used 49844K [0x00000000e0000000, 0x0000000100000000)
  region size 1024K, 10 young (10240K), 10 survivors (10240K)
 Metaspace       used 58492K, capacity 60088K, committed 60160K, reserved 307200K
  class space    used 7301K, capacity 7936K, committed 7936K, reserved 253952K
}
Event: 36.049 GC heap before
{Heap before GC invocations=14 (full 0):
 garbage-first heap   total 262144K, used 200372K [0x00000000e0000000, 0x0000000100000000)
  region size 1024K, 150 young (153600K), 10 survivors (10240K)
 Metaspace       used 65089K, capacity 66891K, committed 67148K, reserved 313344K
  class space    used 8157K, capacity 8798K, committed 8832K, reserved 253952K
}
Event: 36.065 GC heap after
{Heap after GC invocations=15 (full 0):
 garbage-first heap   total 262144K, used 54964K [0x00000000e0000000, 0x0000000100000000)
  region size 1024K, 15 young (15360K), 15 survivors (15360K)
 Metaspace       used 65089K, capacity 66891K, committed 67148K, reserved 313344K
  class space    used 8157K, capacity 8798K, committed 8832K, reserved 253952K
}
Event: 39.034 GC heap before
{Heap before GC invocations=15 (full 0):
 garbage-first heap   total 262144K, used 197300K [0x00000000e0000000, 0x0000000100000000)
  region size 1024K, 153 young (156672K), 15 survivors (15360K)
 Metaspace       used 69675K, capacity 71561K, committed 71756K, reserved 317440K
  class space    used 8758K, capacity 9476K, committed 9600K, reserved 253952K
}
Event: 39.058 GC heap after
{Heap after GC invocations=16 (full 0):
 garbage-first heap   total 262144K, used 60759K [0x00000000e0000000, 0x0000000100000000)
  region size 1024K, 12 young (12288K), 12 survivors (12288K)
 Metaspace       used 69675K, capacity 71561K, committed 71756K, reserved 317440K
  class space    used 8758K, capacity 9476K, committed 9600K, reserved 253952K
}
Event: 42.009 GC heap before
{Heap before GC invocations=16 (full 0):
 garbage-first heap   total 262144K, used 203095K [0x00000000e0000000, 0x0000000100000000)
  region size 1024K, 151 young (154624K), 12 survivors (12288K)
 Metaspace       used 75783K, capacity 77612K, committed 77772K, reserved 321536K
  class space    used 9732K, capacity 10468K, committed 10496K, reserved 253952K
}
Event: 42.036 GC heap after
{Heap after GC invocations=17 (full 0):
 garbage-first heap   total 262144K, used 63685K [0x00000000e0000000, 0x0000000100000000)
  region size 1024K, 9 young (9216K), 9 survivors (9216K)
 Metaspace       used 75783K, capacity 77612K, committed 77772K, reserved 321536K
  class space    used 9732K, capacity 10468K, committed 10496K, reserved 253952K
}

