# JRE version: OpenJDK Runtime Environment (8.0_372-b07) (build 1.8.0_372-b07)
# Java VM: OpenJDK 64-Bit Server VM (25.372-b07 mixed mode windows-amd64 compressed oops)
Heap:
 PSYoungGen      total 139264K, used 59097K [0x00000000f5580000, 0x00000000fe880000, 0x0000000100000000)
  eden space 129536K, 45% used [0x00000000f5580000,0x00000000f8f366d0,0x00000000fd400000)
  from space 9728K, 0% used [0x00000000fd400000,0x00000000fd400000,0x00000000fdd80000)
  to   space 8192K, 0% used [0x00000000fdd80000,0x00000000fdd80000,0x00000000fe580000)
 ParOldGen       total 175104K, used 7779K [0x00000000e0000000, 0x00000000eab00000, 0x00000000f5580000)
  object space 175104K, 4% used [0x00000000e0000000,0x00000000e0798dd8,0x00000000eab00000)
 Metaspace       used 22384K, capacity 23142K, committed 23472K, reserved 1069056K
  class space    used 3175K, capacity 3399K, committed 3504K, reserved 1048576K
GC Heap History (10 events):
Event: 5.542 GC heap before
{Heap before GC invocations=4 (full 0):
 PSYoungGen      total 76288K, used 70848K [0x00000000f5580000, 0x00000000faa80000, 0x0000000100000000)
  eden space 65536K, 100% used [0x00000000f5580000,0x00000000f9580000,0x00000000f9580000)
  from space 10752K, 49% used [0x00000000f9580000,0x00000000f9ab0020,0x00000000fa000000)
  to   space 10752K, 0% used [0x00000000fa000000,0x00000000fa000000,0x00000000faa80000)
 ParOldGen       total 175104K, used 24K [0x00000000e0000000, 0x00000000eab00000, 0x00000000f5580000)
  object space 175104K, 0% used [0x00000000e0000000,0x00000000e0006000,0x00000000eab00000)
 Metaspace       used 14240K, capacity 14670K, committed 14976K, reserved 1062912K
  class space    used 1947K, capacity 2115K, committed 2176K, reserved 1048576K
Event: 5.556 GC heap after
Heap after GC invocations=4 (full 0):
 PSYoungGen      total 76288K, used 6241K [0x00000000f5580000, 0x00000000faa80000, 0x0000000100000000)
  eden space 65536K, 0% used [0x00000000f5580000,0x00000000f5580000,0x00000000f9580000)
  from space 10752K, 58% used [0x00000000fa000000,0x00000000fa618530,0x00000000faa80000)
  to   space 10752K, 0% used [0x00000000f9580000,0x00000000f9580000,0x00000000fa000000)
 ParOldGen       total 175104K, used 40K [0x00000000e0000000, 0x00000000eab00000, 0x00000000f5580000)
  object space 175104K, 0% used [0x00000000e0000000,0x00000000e000a000,0x00000000eab00000)
 Metaspace       used 14240K, capacity 14670K, committed 14976K, reserved 1062912K
  class space    used 1947K, capacity 2115K, committed 2176K, reserved 1048576K
}
Event: 6.183 GC heap before
{Heap before GC invocations=5 (full 0):
 PSYoungGen      total 76288K, used 71777K [0x00000000f5580000, 0x00000000faa80000, 0x0000000100000000)
  eden space 65536K, 100% used [0x00000000f5580000,0x00000000f9580000,0x00000000f9580000)
  from space 10752K, 58% used [0x00000000fa000000,0x00000000fa618530,0x00000000faa80000)
  to   space 10752K, 0% used [0x00000000f9580000,0x00000000f9580000,0x00000000fa000000)
 ParOldGen       total 175104K, used 40K [0x00000000e0000000, 0x00000000eab00000, 0x00000000f5580000)
  object space 175104K, 0% used [0x00000000e0000000,0x00000000e000a000,0x00000000eab00000)
 Metaspace       used 16869K, capacity 17468K, committed 17792K, reserved 1064960K
  class space    used 2215K, capacity 2364K, committed 2432K, reserved 1048576K
Event: 6.194 GC heap after
Heap after GC invocations=5 (full 0):
 PSYoungGen      total 76288K, used 6854K [0x00000000f5580000, 0x00000000fe580000, 0x0000000100000000)
  eden space 65536K, 0% used [0x00000000f5580000,0x00000000f5580000,0x00000000f9580000)
  from space 10752K, 63% used [0x00000000f9580000,0x00000000f9c31880,0x00000000fa000000)
  to   space 8192K, 0% used [0x00000000fdd80000,0x00000000fdd80000,0x00000000fe580000)
 ParOldGen       total 175104K, used 48K [0x00000000e0000000, 0x00000000eab00000, 0x00000000f5580000)
  object space 175104K, 0% used [0x00000000e0000000,0x00000000e000c000,0x00000000eab00000)
 Metaspace       used 16869K, capacity 17468K, committed 17792K, reserved 1064960K
  class space    used 2215K, capacity 2364K, committed 2432K, reserved 1048576K
}
Event: 6.899 GC heap before
{Heap before GC invocations=6 (full 0):
 PSYoungGen      total 76288K, used 72390K [0x00000000f5580000, 0x00000000fe580000, 0x0000000100000000)
  eden space 65536K, 100% used [0x00000000f5580000,0x00000000f9580000,0x00000000f9580000)
  from space 10752K, 63% used [0x00000000f9580000,0x00000000f9c31880,0x00000000fa000000)
  to   space 8192K, 0% used [0x00000000fdd80000,0x00000000fdd80000,0x00000000fe580000)
 ParOldGen       total 175104K, used 48K [0x00000000e0000000, 0x00000000eab00000, 0x00000000f5580000)
  object space 175104K, 0% used [0x00000000e0000000,0x00000000e000c000,0x00000000eab00000)
 Metaspace       used 18893K, capacity 19442K, committed 19712K, reserved 1067008K
  class space    used 2600K, capacity 2763K, committed 2816K, reserved 1048576K
Event: 6.916 GC heap after
Heap after GC invocations=6 (full 0):
 PSYoungGen      total 137728K, used 8179K [0x00000000f5580000, 0x00000000fe880000, 0x0000000100000000)
  eden space 129536K, 0% used [0x00000000f5580000,0x00000000f5580000,0x00000000fd400000)
  from space 8192K, 99% used [0x00000000fdd80000,0x00000000fe57cca0,0x00000000fe580000)
  to   space 9728K, 0% used [0x00000000fd400000,0x00000000fd400000,0x00000000fdd80000)
 ParOldGen       total 175104K, used 133K [0x00000000e0000000, 0x00000000eab00000, 0x00000000f5580000)
  object space 175104K, 0% used [0x00000000e0000000,0x00000000e00214f8,0x00000000eab00000)
 Metaspace       used 18893K, capacity 19442K, committed 19712K, reserved 1067008K
  class space    used 2600K, capacity 2763K, committed 2816K, reserved 1048576K
}
Event: 7.400 GC heap before
{Heap before GC invocations=7 (full 0):
 PSYoungGen      total 137728K, used 47923K [0x00000000f5580000, 0x00000000fe880000, 0x0000000100000000)
  eden space 129536K, 30% used [0x00000000f5580000,0x00000000f7c500d8,0x00000000fd400000)
  from space 8192K, 99% used [0x00000000fdd80000,0x00000000fe57cca0,0x00000000fe580000)
  to   space 9728K, 0% used [0x00000000fd400000,0x00000000fd400000,0x00000000fdd80000)
 ParOldGen       total 175104K, used 133K [0x00000000e0000000, 0x00000000eab00000, 0x00000000f5580000)
  object space 175104K, 0% used [0x00000000e0000000,0x00000000e00214f8,0x00000000eab00000)
 Metaspace       used 20502K, capacity 21176K, committed 21296K, reserved 1067008K
  class space    used 2852K, capacity 3076K, committed 3120K, reserved 1048576K
Event: 7.415 GC heap after
Heap after GC invocations=7 (full 0):
 PSYoungGen      total 139264K, used 5220K [0x00000000f5580000, 0x00000000fe880000, 0x0000000100000000)
  eden space 129536K, 0% used [0x00000000f5580000,0x00000000f5580000,0x00000000fd400000)
  from space 9728K, 53% used [0x00000000fd400000,0x00000000fd919240,0x00000000fdd80000)
  to   space 8192K, 0% used [0x00000000fdd80000,0x00000000fdd80000,0x00000000fe580000)
 ParOldGen       total 175104K, used 2885K [0x00000000e0000000, 0x00000000eab00000, 0x00000000f5580000)
  object space 175104K, 1% used [0x00000000e0000000,0x00000000e02d1568,0x00000000eab00000)
 Metaspace       used 20502K, capacity 21176K, committed 21296K, reserved 1067008K
  class space    used 2852K, capacity 3076K, committed 3120K, reserved 1048576K
}
Event: 7.415 GC heap before
{Heap before GC invocations=8 (full 1):
 PSYoungGen      total 139264K, used 5220K [0x00000000f5580000, 0x00000000fe880000, 0x0000000100000000)
  eden space 129536K, 0% used [0x00000000f5580000,0x00000000f5580000,0x00000000fd400000)
  from space 9728K, 53% used [0x00000000fd400000,0x00000000fd919240,0x00000000fdd80000)
  to   space 8192K, 0% used [0x00000000fdd80000,0x00000000fdd80000,0x00000000fe580000)
 ParOldGen       total 175104K, used 2885K [0x00000000e0000000, 0x00000000eab00000, 0x00000000f5580000)
  object space 175104K, 1% used [0x00000000e0000000,0x00000000e02d1568,0x00000000eab00000)
 Metaspace       used 20502K, capacity 21176K, committed 21296K, reserved 1067008K
  class space    used 2852K, capacity 3076K, committed 3120K, reserved 1048576K
Event: 7.466 GC heap after
Heap after GC invocations=8 (full 1):
 PSYoungGen      total 139264K, used 0K [0x00000000f5580000, 0x00000000fe880000, 0x0000000100000000)
  eden space 129536K, 0% used [0x00000000f5580000,0x00000000f5580000,0x00000000fd400000)
  from space 9728K, 0% used [0x00000000fd400000,0x00000000fd400000,0x00000000fdd80000)
  to   space 8192K, 0% used [0x00000000fdd80000,0x00000000fdd80000,0x00000000fe580000)
 ParOldGen       total 175104K, used 7779K [0x00000000e0000000, 0x00000000eab00000, 0x00000000f5580000)
  object space 175104K, 4% used [0x00000000e0000000,0x00000000e0798dd8,0x00000000eab00000)
 Metaspace       used 20502K, capacity 21176K, committed 21296K, reserved 1067008K
  class space    used 2852K, capacity 3076K, committed 3120K, reserved 1048576K
}

