# JRE version: OpenJDK Runtime Environment Corretto-11.0.19.7.1 (11.0.19+7) (build 11.0.19+7-LTS)
# Java VM: OpenJDK 64-Bit Server VM Corretto-11.0.19.7.1 (11.0.19+7-LTS, mixed mode, tiered, compressed oops, g1 gc, windows-amd64)
Heap:
 garbage-first heap   total 262144K, used 205634K [0x00000000e0000000, 0x0000000100000000)
  region size 1024K, 90 young (92160K), 10 survivors (10240K)
 Metaspace       used 120129K, capacity 123593K, committed 123724K, reserved 362496K
  class space    used 15067K, capacity 16512K, committed 16512K, reserved 253952K
GC Heap History (20 events):
Event: 62.100 GC heap before
{Heap before GC invocations=21 (full 0):
 garbage-first heap   total 262144K, used 172284K [0x00000000e0000000, 0x0000000100000000)
  region size 1024K, 97 young (99328K), 17 survivors (17408K)
 Metaspace       used 98118K, capacity 100682K, committed 100812K, reserved 342016K
  class space    used 12429K, capacity 13474K, committed 13568K, reserved 253952K
}
Event: 62.166 GC heap after
{Heap after GC invocations=22 (full 0):
 garbage-first heap   total 262144K, used 94279K [0x00000000e0000000, 0x0000000100000000)
  region size 1024K, 4 young (4096K), 4 survivors (4096K)
 Metaspace       used 98118K, capacity 100682K, committed 100812K, reserved 342016K
  class space    used 12429K, capacity 13474K, committed 13568K, reserved 253952K
}
Event: 66.928 GC heap before
{Heap before GC invocations=23 (full 0):
 garbage-first heap   total 262144K, used 225351K [0x00000000e0000000, 0x0000000100000000)
  region size 1024K, 122 young (124928K), 4 survivors (4096K)
 Metaspace       used 100815K, capacity 103452K, committed 103628K, reserved 344064K
  class space    used 12664K, capacity 13740K, committed 13824K, reserved 253952K
}
Event: 66.958 GC heap after
{Heap after GC invocations=24 (full 0):
 garbage-first heap   total 262144K, used 97633K [0x00000000e0000000, 0x0000000100000000)
  region size 1024K, 7 young (7168K), 7 survivors (7168K)
 Metaspace       used 100815K, capacity 103452K, committed 103628K, reserved 344064K
  class space    used 12664K, capacity 13740K, committed 13824K, reserved 253952K
}
Event: 71.836 GC heap before
{Heap before GC invocations=24 (full 0):
 garbage-first heap   total 262144K, used 215393K [0x00000000e0000000, 0x0000000100000000)
  region size 1024K, 123 young (125952K), 7 survivors (7168K)
 Metaspace       used 104281K, capacity 107021K, committed 107212K, reserved 348160K
  class space    used 12908K, capacity 13997K, committed 14080K, reserved 253952K
}
Event: 71.846 GC heap after
{Heap after GC invocations=25 (full 0):
 garbage-first heap   total 262144K, used 94702K [0x00000000e0000000, 0x0000000100000000)
  region size 1024K, 4 young (4096K), 4 survivors (4096K)
 Metaspace       used 104281K, capacity 107021K, committed 107212K, reserved 348160K
  class space    used 12908K, capacity 13997K, committed 14080K, reserved 253952K
}
Event: 88.783 GC heap before
{Heap before GC invocations=25 (full 0):
 garbage-first heap   total 262144K, used 220654K [0x00000000e0000000, 0x0000000100000000)
  region size 1024K, 126 young (129024K), 4 survivors (4096K)
 Metaspace       used 106319K, capacity 109090K, committed 109132K, reserved 350208K
  class space    used 13115K, capacity 14197K, committed 14208K, reserved 253952K
}
Event: 88.797 GC heap after
{Heap after GC invocations=26 (full 0):
 garbage-first heap   total 262144K, used 98869K [0x00000000e0000000, 0x0000000100000000)
  region size 1024K, 6 young (6144K), 6 survivors (6144K)
 Metaspace       used 106319K, capacity 109090K, committed 109132K, reserved 350208K
  class space    used 13115K, capacity 14197K, committed 14208K, reserved 253952K
}
Event: 90.883 GC heap before
{Heap before GC invocations=26 (full 0):
 garbage-first heap   total 262144K, used 221749K [0x00000000e0000000, 0x0000000100000000)
  region size 1024K, 126 young (129024K), 6 survivors (6144K)
 Metaspace       used 106325K, capacity 109090K, committed 109132K, reserved 350208K
  class space    used 13115K, capacity 14197K, committed 14208K, reserved 253952K
}
Event: 90.903 GC heap after
{Heap after GC invocations=27 (full 0):
 garbage-first heap   total 262144K, used 99386K [0x00000000e0000000, 0x0000000100000000)
  region size 1024K, 7 young (7168K), 7 survivors (7168K)
 Metaspace       used 106325K, capacity 109090K, committed 109132K, reserved 350208K
  class space    used 13115K, capacity 14197K, committed 14208K, reserved 253952K
}
Event: 94.565 GC heap before
{Heap before GC invocations=27 (full 0):
 garbage-first heap   total 262144K, used 223290K [0x00000000e0000000, 0x0000000100000000)
  region size 1024K, 127 young (130048K), 7 survivors (7168K)
 Metaspace       used 106517K, capacity 109342K, committed 109516K, reserved 350208K
  class space    used 13126K, capacity 14210K, committed 14336K, reserved 253952K
}
Event: 94.584 GC heap after
{Heap after GC invocations=28 (full 0):
 garbage-first heap   total 262144K, used 99452K [0x00000000e0000000, 0x0000000100000000)
  region size 1024K, 7 young (7168K), 7 survivors (7168K)
 Metaspace       used 106517K, capacity 109342K, committed 109516K, reserved 350208K
  class space    used 13126K, capacity 14210K, committed 14336K, reserved 253952K
}
Event: 96.898 GC heap before
{Heap before GC invocations=28 (full 0):
 garbage-first heap   total 262144K, used 223356K [0x00000000e0000000, 0x0000000100000000)
  region size 1024K, 128 young (131072K), 7 survivors (7168K)
 Metaspace       used 106527K, capacity 109345K, committed 109516K, reserved 350208K
  class space    used 13128K, capacity 14211K, committed 14336K, reserved 253952K
}
Event: 96.910 GC heap after
{Heap after GC invocations=29 (full 0):
 garbage-first heap   total 262144K, used 97436K [0x00000000e0000000, 0x0000000100000000)
  region size 1024K, 7 young (7168K), 7 survivors (7168K)
 Metaspace       used 106527K, capacity 109345K, committed 109516K, reserved 350208K
  class space    used 13128K, capacity 14211K, committed 14336K, reserved 253952K
}
Event: 100.129 GC heap before
{Heap before GC invocations=29 (full 0):
 garbage-first heap   total 262144K, used 227484K [0x00000000e0000000, 0x0000000100000000)
  region size 1024K, 131 young (134144K), 7 survivors (7168K)
 Metaspace       used 109799K, capacity 112676K, committed 112844K, reserved 352256K
  class space    used 13584K, capacity 14732K, committed 14848K, reserved 253952K
}
Event: 100.169 GC heap after
{Heap after GC invocations=30 (full 0):
 garbage-first heap   total 262144K, used 108397K [0x00000000e0000000, 0x0000000100000000)
  region size 1024K, 16 young (16384K), 16 survivors (16384K)
 Metaspace       used 109799K, capacity 112676K, committed 112844K, reserved 352256K
  class space    used 13584K, capacity 14732K, committed 14848K, reserved 253952K
}
Event: 102.844 GC heap before
{Heap before GC invocations=30 (full 0):
 garbage-first heap   total 262144K, used 217965K [0x00000000e0000000, 0x0000000100000000)
  region size 1024K, 123 young (125952K), 16 survivors (16384K)
 Metaspace       used 114156K, capacity 117302K, committed 117452K, reserved 356352K
  class space    used 14245K, capacity 15541K, committed 15616K, reserved 253952K
}
Event: 102.922 GC heap after
{Heap after GC invocations=31 (full 0):
 garbage-first heap   total 262144K, used 116322K [0x00000000e0000000, 0x0000000100000000)
  region size 1024K, 11 young (11264K), 11 survivors (11264K)
 Metaspace       used 114156K, capacity 117302K, committed 117452K, reserved 356352K
  class space    used 14245K, capacity 15541K, committed 15616K, reserved 253952K
}
Event: 104.354 GC heap before
{Heap before GC invocations=31 (full 0):
 garbage-first heap   total 262144K, used 215650K [0x00000000e0000000, 0x0000000100000000)
  region size 1024K, 108 young (110592K), 11 survivors (11264K)
 Metaspace       used 117349K, capacity 120718K, committed 120908K, reserved 360448K
  class space    used 14771K, capacity 16194K, committed 16256K, reserved 253952K
}
Event: 104.421 GC heap after
{Heap after GC invocations=32 (full 0):
 garbage-first heap   total 262144K, used 125762K [0x00000000e0000000, 0x0000000100000000)
  region size 1024K, 10 young (10240K), 10 survivors (10240K)
 Metaspace       used 117349K, capacity 120718K, committed 120908K, reserved 360448K
  class space    used 14771K, capacity 16194K, committed 16256K, reserved 253952K
}

