# JRE version: OpenJDK Runtime Environment (8.0_372-b07) (build 1.8.0_372-b07)
# Java VM: OpenJDK 64-Bit Server VM (25.372-b07 mixed mode windows-amd64 compressed oops)
Heap:
 PSYoungGen      total 139776K, used 8283K [0x00000000f5580000, 0x0000000100000000, 0x0000000100000000)
  eden space 130048K, 6% used [0x00000000f5580000,0x00000000f5d96d90,0x00000000fd480000)
  from space 9728K, 0% used [0x00000000fd480000,0x00000000fd480000,0x00000000fde00000)
  to   space 9216K, 0% used [0x00000000ff700000,0x00000000ff700000,0x0000000100000000)
 ParOldGen       total 175104K, used 7715K [0x00000000e0000000, 0x00000000eab00000, 0x00000000f5580000)
  object space 175104K, 4% used [0x00000000e0000000,0x00000000e0788dd0,0x00000000eab00000)
 Metaspace       used 20734K, capacity 21464K, committed 21552K, reserved 1067008K
  class space    used 2900K, capacity 3108K, committed 3120K, reserved 1048576K
GC Heap History (10 events):
Event: 5.915 GC heap before
{Heap before GC invocations=4 (full 0):
 PSYoungGen      total 76288K, used 70800K [0x00000000f5580000, 0x00000000faa80000, 0x0000000100000000)
  eden space 65536K, 100% used [0x00000000f5580000,0x00000000f9580000,0x00000000f9580000)
  from space 10752K, 48% used [0x00000000f9580000,0x00000000f9aa4010,0x00000000fa000000)
  to   space 10752K, 0% used [0x00000000fa000000,0x00000000fa000000,0x00000000faa80000)
 ParOldGen       total 175104K, used 32K [0x00000000e0000000, 0x00000000eab00000, 0x00000000f5580000)
  object space 175104K, 0% used [0x00000000e0000000,0x00000000e0008000,0x00000000eab00000)
 Metaspace       used 14286K, capacity 14798K, committed 14976K, reserved 1062912K
  class space    used 1956K, capacity 2115K, committed 2176K, reserved 1048576K
Event: 5.930 GC heap after
Heap after GC invocations=4 (full 0):
 PSYoungGen      total 76288K, used 6427K [0x00000000f5580000, 0x00000000faa80000, 0x0000000100000000)
  eden space 65536K, 0% used [0x00000000f5580000,0x00000000f5580000,0x00000000f9580000)
  from space 10752K, 59% used [0x00000000fa000000,0x00000000fa646e88,0x00000000faa80000)
  to   space 10752K, 0% used [0x00000000f9580000,0x00000000f9580000,0x00000000fa000000)
 ParOldGen       total 175104K, used 40K [0x00000000e0000000, 0x00000000eab00000, 0x00000000f5580000)
  object space 175104K, 0% used [0x00000000e0000000,0x00000000e000a000,0x00000000eab00000)
 Metaspace       used 14286K, capacity 14798K, committed 14976K, reserved 1062912K
  class space    used 1956K, capacity 2115K, committed 2176K, reserved 1048576K
}
Event: 6.522 GC heap before
{Heap before GC invocations=5 (full 0):
 PSYoungGen      total 76288K, used 71963K [0x00000000f5580000, 0x00000000faa80000, 0x0000000100000000)
  eden space 65536K, 100% used [0x00000000f5580000,0x00000000f9580000,0x00000000f9580000)
  from space 10752K, 59% used [0x00000000fa000000,0x00000000fa646e88,0x00000000faa80000)
  to   space 10752K, 0% used [0x00000000f9580000,0x00000000f9580000,0x00000000fa000000)
 ParOldGen       total 175104K, used 40K [0x00000000e0000000, 0x00000000eab00000, 0x00000000f5580000)
  object space 175104K, 0% used [0x00000000e0000000,0x00000000e000a000,0x00000000eab00000)
 Metaspace       used 16978K, capacity 17604K, committed 17792K, reserved 1064960K
  class space    used 2243K, capacity 2406K, committed 2432K, reserved 1048576K
Event: 6.541 GC heap after
Heap after GC invocations=5 (full 0):
 PSYoungGen      total 76288K, used 6858K [0x00000000f5580000, 0x00000000fe680000, 0x0000000100000000)
  eden space 65536K, 0% used [0x00000000f5580000,0x00000000f5580000,0x00000000f9580000)
  from space 10752K, 63% used [0x00000000f9580000,0x00000000f9c32a10,0x00000000fa000000)
  to   space 8704K, 0% used [0x00000000fde00000,0x00000000fde00000,0x00000000fe680000)
 ParOldGen       total 175104K, used 48K [0x00000000e0000000, 0x00000000eab00000, 0x00000000f5580000)
  object space 175104K, 0% used [0x00000000e0000000,0x00000000e000c000,0x00000000eab00000)
 Metaspace       used 16978K, capacity 17604K, committed 17792K, reserved 1064960K
  class space    used 2243K, capacity 2406K, committed 2432K, reserved 1048576K
}
Event: 7.180 GC heap before
{Heap before GC invocations=6 (full 0):
 PSYoungGen      total 76288K, used 72394K [0x00000000f5580000, 0x00000000fe680000, 0x0000000100000000)
  eden space 65536K, 100% used [0x00000000f5580000,0x00000000f9580000,0x00000000f9580000)
  from space 10752K, 63% used [0x00000000f9580000,0x00000000f9c32a10,0x00000000fa000000)
  to   space 8704K, 0% used [0x00000000fde00000,0x00000000fde00000,0x00000000fe680000)
 ParOldGen       total 175104K, used 48K [0x00000000e0000000, 0x00000000eab00000, 0x00000000f5580000)
  object space 175104K, 0% used [0x00000000e0000000,0x00000000e000c000,0x00000000eab00000)
 Metaspace       used 19006K, capacity 19602K, committed 19712K, reserved 1067008K
  class space    used 2617K, capacity 2795K, committed 2816K, reserved 1048576K
Event: 7.200 GC heap after
Heap after GC invocations=6 (full 0):
 PSYoungGen      total 138752K, used 8425K [0x00000000f5580000, 0x00000000fe880000, 0x0000000100000000)
  eden space 130048K, 0% used [0x00000000f5580000,0x00000000f5580000,0x00000000fd480000)
  from space 8704K, 96% used [0x00000000fde00000,0x00000000fe63a7d8,0x00000000fe680000)
  to   space 9728K, 0% used [0x00000000fd480000,0x00000000fd480000,0x00000000fde00000)
 ParOldGen       total 175104K, used 56K [0x00000000e0000000, 0x00000000eab00000, 0x00000000f5580000)
  object space 175104K, 0% used [0x00000000e0000000,0x00000000e000e000,0x00000000eab00000)
 Metaspace       used 19006K, capacity 19602K, committed 19712K, reserved 1067008K
  class space    used 2617K, capacity 2795K, committed 2816K, reserved 1048576K
}
Event: 7.622 GC heap before
{Heap before GC invocations=7 (full 0):
 PSYoungGen      total 138752K, used 44707K [0x00000000f5580000, 0x00000000fe880000, 0x0000000100000000)
  eden space 130048K, 27% used [0x00000000f5580000,0x00000000f78ee6f8,0x00000000fd480000)
  from space 8704K, 96% used [0x00000000fde00000,0x00000000fe63a7d8,0x00000000fe680000)
  to   space 9728K, 0% used [0x00000000fd480000,0x00000000fd480000,0x00000000fde00000)
 ParOldGen       total 175104K, used 56K [0x00000000e0000000, 0x00000000eab00000, 0x00000000f5580000)
  object space 175104K, 0% used [0x00000000e0000000,0x00000000e000e000,0x00000000eab00000)
 Metaspace       used 20485K, capacity 21176K, committed 21296K, reserved 1067008K
  class space    used 2851K, capacity 3076K, committed 3120K, reserved 1048576K
Event: 7.647 GC heap after
Heap after GC invocations=7 (full 0):
 PSYoungGen      total 139776K, used 5146K [0x00000000f5580000, 0x0000000100000000, 0x0000000100000000)
  eden space 130048K, 0% used [0x00000000f5580000,0x00000000f5580000,0x00000000fd480000)
  from space 9728K, 52% used [0x00000000fd480000,0x00000000fd986a90,0x00000000fde00000)
  to   space 9216K, 0% used [0x00000000ff700000,0x00000000ff700000,0x0000000100000000)
 ParOldGen       total 175104K, used 2796K [0x00000000e0000000, 0x00000000eab00000, 0x00000000f5580000)
  object space 175104K, 1% used [0x00000000e0000000,0x00000000e02bb060,0x00000000eab00000)
 Metaspace       used 20485K, capacity 21176K, committed 21296K, reserved 1067008K
  class space    used 2851K, capacity 3076K, committed 3120K, reserved 1048576K
}
Event: 7.647 GC heap before
{Heap before GC invocations=8 (full 1):
 PSYoungGen      total 139776K, used 5146K [0x00000000f5580000, 0x0000000100000000, 0x0000000100000000)
  eden space 130048K, 0% used [0x00000000f5580000,0x00000000f5580000,0x00000000fd480000)
  from space 9728K, 52% used [0x00000000fd480000,0x00000000fd986a90,0x00000000fde00000)
  to   space 9216K, 0% used [0x00000000ff700000,0x00000000ff700000,0x0000000100000000)
 ParOldGen       total 175104K, used 2796K [0x00000000e0000000, 0x00000000eab00000, 0x00000000f5580000)
  object space 175104K, 1% used [0x00000000e0000000,0x00000000e02bb060,0x00000000eab00000)
 Metaspace       used 20485K, capacity 21176K, committed 21296K, reserved 1067008K
  class space    used 2851K, capacity 3076K, committed 3120K, reserved 1048576K
Event: 7.723 GC heap after
Heap after GC invocations=8 (full 1):
 PSYoungGen      total 139776K, used 0K [0x00000000f5580000, 0x0000000100000000, 0x0000000100000000)
  eden space 130048K, 0% used [0x00000000f5580000,0x00000000f5580000,0x00000000fd480000)
  from space 9728K, 0% used [0x00000000fd480000,0x00000000fd480000,0x00000000fde00000)
  to   space 9216K, 0% used [0x00000000ff700000,0x00000000ff700000,0x0000000100000000)
 ParOldGen       total 175104K, used 7715K [0x00000000e0000000, 0x00000000eab00000, 0x00000000f5580000)
  object space 175104K, 4% used [0x00000000e0000000,0x00000000e0788dd0,0x00000000eab00000)
 Metaspace       used 20485K, capacity 21176K, committed 21296K, reserved 1067008K
  class space    used 2851K, capacity 3076K, committed 3120K, reserved 1048576K
}

